This is pdfTeX, Version 3.1415926-2.4-1.40.13 (TeX Live 2012/W32TeX) (format=pdflatex 2013.5.18)  23 MAY 2013 00:28
entering extended mode
 restricted \write18 enabled.
 %&-line parsing enabled.
**conway-writeup.tex
(./conway-writeup.tex
LaTeX2e <2011/06/27>
Babel <v3.8m> and hyphenation patterns for english, dumylang, nohyphenation, ge
rman-x-2012-05-30, ngerman-x-2012-05-30, afrikaans, ancientgreek, ibycus, arabi
c, armenian, basque, bulgarian, catalan, pinyin, coptic, croatian, czech, danis
h, dutch, ukenglish, usenglishmax, esperanto, estonian, ethiopic, farsi, finnis
h, french, friulan, galician, german, ngerman, swissgerman, monogreek, greek, h
ungarian, icelandic, assamese, bengali, gujarati, hindi, kannada, malayalam, ma
rathi, oriya, panjabi, tamil, telugu, indonesian, interlingua, irish, italian, 
kurmanji, latin, latvian, lithuanian, mongolian, mongolianlmc, bokmal, nynorsk,
 piedmontese, polish, portuguese, romanian, romansh, russian, sanskrit, serbian
, serbianc, slovak, slovenian, spanish, swedish, turkish, turkmen, ukrainian, u
ppersorbian, welsh, loaded.
(c:/texlive/2012/texmf-dist/tex/latex/base/article.cls
Document Class: article 2007/10/19 v1.4h Standard LaTeX document class
(c:/texlive/2012/texmf-dist/tex/latex/base/size11.clo
File: size11.clo 2007/10/19 v1.4h Standard LaTeX file (size option)
)
\c@part=\count79
\c@section=\count80
\c@subsection=\count81
\c@subsubsection=\count82
\c@paragraph=\count83
\c@subparagraph=\count84
\c@figure=\count85
\c@table=\count86
\abovecaptionskip=\skip41
\belowcaptionskip=\skip42
\bibindent=\dimen102
)
(c:/texlive/2012/texmf-dist/tex/latex/graphics/graphicx.sty
Package: graphicx 1999/02/16 v1.0f Enhanced LaTeX Graphics (DPC,SPQR)

(c:/texlive/2012/texmf-dist/tex/latex/graphics/keyval.sty
Package: keyval 1999/03/16 v1.13 key=value parser (DPC)
\KV@toks@=\toks14
)
(c:/texlive/2012/texmf-dist/tex/latex/graphics/graphics.sty
Package: graphics 2009/02/05 v1.0o Standard LaTeX Graphics (DPC,SPQR)

(c:/texlive/2012/texmf-dist/tex/latex/graphics/trig.sty
Package: trig 1999/03/16 v1.09 sin cos tan (DPC)
)
(c:/texlive/2012/texmf-dist/tex/latex/latexconfig/graphics.cfg
File: graphics.cfg 2010/04/23 v1.9 graphics configuration of TeX Live
)
Package graphics Info: Driver file: pdftex.def on input line 91.

(c:/texlive/2012/texmf-dist/tex/latex/pdftex-def/pdftex.def
File: pdftex.def 2011/05/27 v0.06d Graphics/color for pdfTeX

(c:/texlive/2012/texmf-dist/tex/generic/oberdiek/infwarerr.sty
Package: infwarerr 2010/04/08 v1.3 Providing info/warning/error messages (HO)
)
(c:/texlive/2012/texmf-dist/tex/generic/oberdiek/ltxcmds.sty
Package: ltxcmds 2011/11/09 v1.22 LaTeX kernel commands for general use (HO)
)
\Gread@gobject=\count87
))
\Gin@req@height=\dimen103
\Gin@req@width=\dimen104
)
(c:/texlive/2012/texmf-dist/tex/latex/caption/caption.sty
Package: caption 2013/02/03 v3.3-65 Customizing captions (AR)

(c:/texlive/2012/texmf-dist/tex/latex/caption/caption3.sty
Package: caption3 2013/02/03 v1.5-62 caption3 kernel (AR)
\captionmargin=\dimen105
\captionmargin@=\dimen106
\captionwidth=\dimen107
\caption@tempdima=\dimen108
\caption@indent=\dimen109
\caption@parindent=\dimen110
\caption@hangindent=\dimen111
)
\c@ContinuedFloat=\count88
)
(c:/texlive/2012/texmf-dist/tex/latex/caption/subcaption.sty
Package: subcaption 2013/02/03 v1.1-62 Sub-captions (AR)
\c@subfigure=\count89
\c@subtable=\count90
)
(./conway-writeup.aux)
\openout1 = `conway-writeup.aux'.

LaTeX Font Info:    Checking defaults for OML/cmm/m/it on input line 21.
LaTeX Font Info:    ... okay on input line 21.
LaTeX Font Info:    Checking defaults for T1/cmr/m/n on input line 21.
LaTeX Font Info:    ... okay on input line 21.
LaTeX Font Info:    Checking defaults for OT1/cmr/m/n on input line 21.
LaTeX Font Info:    ... okay on input line 21.
LaTeX Font Info:    Checking defaults for OMS/cmsy/m/n on input line 21.
LaTeX Font Info:    ... okay on input line 21.
LaTeX Font Info:    Checking defaults for OMX/cmex/m/n on input line 21.
LaTeX Font Info:    ... okay on input line 21.
LaTeX Font Info:    Checking defaults for U/cmr/m/n on input line 21.
LaTeX Font Info:    ... okay on input line 21.

(c:/texlive/2012/texmf-dist/tex/context/base/supp-pdf.mkii
[Loading MPS to PDF converter (version 2006.09.02).]
\scratchcounter=\count91
\scratchdimen=\dimen112
\scratchbox=\box26
\nofMPsegments=\count92
\nofMParguments=\count93
\everyMPshowfont=\toks15
\MPscratchCnt=\count94
\MPscratchDim=\dimen113
\MPnumerator=\count95
\makeMPintoPDFobject=\count96
\everyMPtoPDFconversion=\toks16
) (c:/texlive/2012/texmf-dist/tex/generic/oberdiek/pdftexcmds.sty
Package: pdftexcmds 2011/11/29 v0.20 Utility functions of pdfTeX for LuaTeX (HO
)

(c:/texlive/2012/texmf-dist/tex/generic/oberdiek/ifluatex.sty
Package: ifluatex 2010/03/01 v1.3 Provides the ifluatex switch (HO)
Package ifluatex Info: LuaTeX not detected.
)
(c:/texlive/2012/texmf-dist/tex/generic/oberdiek/ifpdf.sty
Package: ifpdf 2011/01/30 v2.3 Provides the ifpdf switch (HO)
Package ifpdf Info: pdfTeX in PDF mode is detected.
)
Package pdftexcmds Info: LuaTeX not detected.
Package pdftexcmds Info: \pdf@primitive is available.
Package pdftexcmds Info: \pdf@ifprimitive is available.
Package pdftexcmds Info: \pdfdraftmode found.
)
(c:/texlive/2012/texmf-dist/tex/latex/oberdiek/epstopdf-base.sty
Package: epstopdf-base 2010/02/09 v2.5 Base part for package epstopdf

(c:/texlive/2012/texmf-dist/tex/latex/oberdiek/grfext.sty
Package: grfext 2010/08/19 v1.1 Manage graphics extensions (HO)

(c:/texlive/2012/texmf-dist/tex/generic/oberdiek/kvdefinekeys.sty
Package: kvdefinekeys 2011/04/07 v1.3 Define keys (HO)
))
(c:/texlive/2012/texmf-dist/tex/latex/oberdiek/kvoptions.sty
Package: kvoptions 2011/06/30 v3.11 Key value format for package options (HO)

(c:/texlive/2012/texmf-dist/tex/generic/oberdiek/kvsetkeys.sty
Package: kvsetkeys 2012/04/25 v1.16 Key value parser (HO)

(c:/texlive/2012/texmf-dist/tex/generic/oberdiek/etexcmds.sty
Package: etexcmds 2011/02/16 v1.5 Avoid name clashes with e-TeX commands (HO)
Package etexcmds Info: Could not find \expanded.
(etexcmds)             That can mean that you are not using pdfTeX 1.50 or
(etexcmds)             that some package has redefined \expanded.
(etexcmds)             In the latter case, load this package earlier.
)))
Package grfext Info: Graphics extension search list:
(grfext)             [.png,.eps]
(grfext)             \AppendGraphicsExtensions on input line 452.

(c:/texlive/2012/texmf-dist/tex/latex/latexconfig/epstopdf-sys.cfg
File: epstopdf-sys.cfg 2010/07/13 v1.3 Configuration of (r)epstopdf for TeX Liv
e
))
Package caption Info: Begin \AtBeginDocument code.
Package caption Info: End \AtBeginDocument code.
LaTeX Font Info:    External font `cmex10' loaded for size
(Font)              <12> on input line 22.
LaTeX Font Info:    External font `cmex10' loaded for size
(Font)              <8> on input line 22.
LaTeX Font Info:    External font `cmex10' loaded for size
(Font)              <6> on input line 22.

(./conway-writeup.toc
LaTeX Font Info:    External font `cmex10' loaded for size
(Font)              <10.95> on input line 2.
 [1

{c:/texlive/2012/texmf/fonts/map/pdftex/updmap/pdftex.map}])
\tf@toc=\write3
\openout3 = `conway-writeup.toc'.

 [2] [3] <images//sample-m1-07.png, id=19, 392.96812pt x 262.73157pt>
File: images//sample-m1-07.png Graphic file (type png)

<use images//sample-m1-07.png>
Package pdftex.def Info: images//sample-m1-07.png used on input line 83.
(pdftex.def)             Requested size: 180.0pt x 120.34883pt.

<images//sample-m1-17.png, id=20, 395.97937pt x 271.0125pt>
File: images//sample-m1-17.png Graphic file (type png)

<use images//sample-m1-17.png>
Package pdftex.def Info: images//sample-m1-17.png used on input line 83.
(pdftex.def)             Requested size: 180.0pt x 123.19508pt.

<images//sample-s1-07.png, id=21, 395.97937pt x 269.50688pt>
File: images//sample-s1-07.png Graphic file (type png)

<use images//sample-s1-07.png>
Package pdftex.def Info: images//sample-s1-07.png used on input line 97.
(pdftex.def)             Requested size: 180.0pt x 122.51067pt.

<images//sample-s1-17.png, id=22, 395.22656pt x 268.00125pt>
File: images//sample-s1-17.png Graphic file (type png)

<use images//sample-s1-17.png>
Package pdftex.def Info: images//sample-s1-17.png used on input line 97.
(pdftex.def)             Requested size: 180.0pt x 122.05525pt.

<images//force-profile-07.png, id=23, 392.21532pt x 262.73157pt>
File: images//force-profile-07.png Graphic file (type png)

<use images//force-profile-07.png>
Package pdftex.def Info: images//force-profile-07.png used on input line 111.
(pdftex.def)             Requested size: 180.0pt x 120.57735pt.

<images//force-profile-17.png, id=24, 395.22656pt x 268.75406pt>
File: images//force-profile-17.png Graphic file (type png)

<use images//force-profile-17.png>
Package pdftex.def Info: images//force-profile-17.png used on input line 111.
(pdftex.def)             Requested size: 180.0pt x 122.3981pt.

Underfull \hbox (badness 10000) in paragraph at lines 71--112

 []


Underfull \hbox (badness 10000) in paragraph at lines 71--112

 []


LaTeX Warning: `h' float specifier changed to `ht'.

<images//knn-m1-07.png, id=25, 374.90062pt x 219.82124pt>
File: images//knn-m1-07.png Graphic file (type png)

<use images//knn-m1-07.png>
Package pdftex.def Info: images//knn-m1-07.png used on input line 132.
(pdftex.def)             Requested size: 270.0pt x 158.32147pt.

<images//knn-m1-17.png, id=26, 374.90062pt x 219.82124pt>
File: images//knn-m1-17.png Graphic file (type png)

<use images//knn-m1-17.png>
Package pdftex.def Info: images//knn-m1-17.png used on input line 132.
(pdftex.def)             Requested size: 270.0pt x 158.32147pt.

<images//knn-s1-07.png, id=27, 374.90062pt x 219.82124pt>
File: images//knn-s1-07.png Graphic file (type png)

<use images//knn-s1-07.png>
Package pdftex.def Info: images//knn-s1-07.png used on input line 146.
(pdftex.def)             Requested size: 270.0pt x 158.32147pt.

<images//knn-s1-17.png, id=28, 374.90062pt x 219.82124pt>
File: images//knn-s1-17.png Graphic file (type png)

<use images//knn-s1-17.png>
Package pdftex.def Info: images//knn-s1-17.png used on input line 146.
(pdftex.def)             Requested size: 270.0pt x 158.32147pt.

Underfull \hbox (badness 10000) in paragraph at lines 120--147

 []


LaTeX Warning: `h' float specifier changed to `ht'.

[4] <images//knn-m1-07-24.png, id=33, 345.54094pt x 207.02344pt>
File: images//knn-m1-07-24.png Graphic file (type png)

<use images//knn-m1-07-24.png>
Package pdftex.def Info: images//knn-m1-07-24.png used on input line 167.
(pdftex.def)             Requested size: 270.0pt x 161.76823pt.

<images//knn-m1-17-24.png, id=34, 345.54094pt x 207.02344pt>
File: images//knn-m1-17-24.png Graphic file (type png)

<use images//knn-m1-17-24.png>
Package pdftex.def Info: images//knn-m1-17-24.png used on input line 167.
(pdftex.def)             Requested size: 270.0pt x 161.76823pt.

<images//knn-s1-07-24.png, id=35, 345.54094pt x 207.02344pt>
File: images//knn-s1-07-24.png Graphic file (type png)

<use images//knn-s1-07-24.png>
Package pdftex.def Info: images//knn-s1-07-24.png used on input line 181.
(pdftex.def)             Requested size: 270.0pt x 161.76823pt.

<images//knn-s1-17-24.png, id=36, 345.54094pt x 207.02344pt>
File: images//knn-s1-17-24.png Graphic file (type png)

<use images//knn-s1-17-24.png>
Package pdftex.def Info: images//knn-s1-17-24.png used on input line 181.
(pdftex.def)             Requested size: 270.0pt x 161.76823pt.

Underfull \hbox (badness 10000) in paragraph at lines 155--182

 []


LaTeX Warning: `h' float specifier changed to `ht'.

[5] <images//psth-s-f21-m1-07-pre.png, id=40, 721.19438pt x 286.82156pt>
File: images//psth-s-f21-m1-07-pre.png Graphic file (type png)

<use images//psth-s-f21-m1-07-pre.png>
Package pdftex.def Info: images//psth-s-f21-m1-07-pre.png used on input line 21
7.
(pdftex.def)             Requested size: 360.0pt x 143.17409pt.


LaTeX Warning: `h' float specifier changed to `ht'.

<images//psth-s-f21-m1-17-pre.png, id=41, 721.19438pt x 286.82156pt>
File: images//psth-s-f21-m1-17-pre.png Graphic file (type png)

<use images//psth-s-f21-m1-17-pre.png>
Package pdftex.def Info: images//psth-s-f21-m1-17-pre.png used on input line 22
1.
(pdftex.def)             Requested size: 360.0pt x 143.17409pt.

<images//psth-s-f21-m1-07-pos.png, id=42, 724.20563pt x 284.56313pt>
File: images//psth-s-f21-m1-07-pos.png Graphic file (type png)

<use images//psth-s-f21-m1-07-pos.png>
Package pdftex.def Info: images//psth-s-f21-m1-07-pos.png used on input line 22
5.
(pdftex.def)             Requested size: 360.0pt x 141.4562pt.


LaTeX Warning: `h' float specifier changed to `ht'.

<images//psth-s-f21-m1-17-pos.png, id=43, 721.19438pt x 286.82156pt>
File: images//psth-s-f21-m1-17-pos.png Graphic file (type png)

<use images//psth-s-f21-m1-17-pos.png>
Package pdftex.def Info: images//psth-s-f21-m1-17-pos.png used on input line 22
9.
(pdftex.def)             Requested size: 360.0pt x 143.17409pt.


LaTeX Warning: `h' float specifier changed to `ht'.

[6] <images//diffs-pre-m1-07.png, id=47, 335.00156pt x 207.02344pt>
File: images//diffs-pre-m1-07.png Graphic file (type png)

<use images//diffs-pre-m1-07.png>
Package pdftex.def Info: images//diffs-pre-m1-07.png used on input line 250.
(pdftex.def)             Requested size: 270.0pt x 166.8541pt.

<images//diffs-pos-m1-07.png, id=48, 335.00156pt x 207.02344pt>
File: images//diffs-pos-m1-07.png Graphic file (type png)

<use images//diffs-pos-m1-07.png>
Package pdftex.def Info: images//diffs-pos-m1-07.png used on input line 250.
(pdftex.def)             Requested size: 270.0pt x 166.8541pt.

<images//diffs-pre-m1-17.png, id=49, 335.00156pt x 207.02344pt>
File: images//diffs-pre-m1-17.png Graphic file (type png)

<use images//diffs-pre-m1-17.png>
Package pdftex.def Info: images//diffs-pre-m1-17.png used on input line 264.
(pdftex.def)             Requested size: 270.0pt x 166.8541pt.

<images//diffs-pos-m1-17.png, id=50, 335.00156pt x 207.02344pt>
File: images//diffs-pos-m1-17.png Graphic file (type png)

<use images//diffs-pos-m1-17.png>
Package pdftex.def Info: images//diffs-pos-m1-17.png used on input line 264.
(pdftex.def)             Requested size: 270.0pt x 166.8541pt.

Underfull \hbox (badness 10000) in paragraph at lines 238--265

 []


LaTeX Warning: `h' float specifier changed to `ht'.

<images//diffs-pre-s1-07.png, id=51, 335.00156pt x 207.02344pt>
File: images//diffs-pre-s1-07.png Graphic file (type png)

<use images//diffs-pre-s1-07.png>
Package pdftex.def Info: images//diffs-pre-s1-07.png used on input line 281.
(pdftex.def)             Requested size: 270.0pt x 166.8541pt.

<images//diffs-pos-s1-07.png, id=52, 335.00156pt x 207.02344pt>
File: images//diffs-pos-s1-07.png Graphic file (type png)

<use images//diffs-pos-s1-07.png>
Package pdftex.def Info: images//diffs-pos-s1-07.png used on input line 281.
(pdftex.def)             Requested size: 270.0pt x 166.8541pt.

<images//diffs-pre-s1-17.png, id=53, 335.00156pt x 207.02344pt>
File: images//diffs-pre-s1-17.png Graphic file (type png)

<use images//diffs-pre-s1-17.png>
Package pdftex.def Info: images//diffs-pre-s1-17.png used on input line 295.
(pdftex.def)             Requested size: 270.0pt x 166.8541pt.

<images//diffs-pos-s1-17.png, id=54, 335.00156pt x 207.02344pt>
File: images//diffs-pos-s1-17.png Graphic file (type png)

<use images//diffs-pos-s1-17.png>
Package pdftex.def Info: images//diffs-pos-s1-17.png used on input line 295.
(pdftex.def)             Requested size: 270.0pt x 166.8541pt.

Underfull \hbox (badness 10000) in paragraph at lines 269--296

 []


LaTeX Warning: `h' float specifier changed to `ht'.

[7] (./conway-writeup.bbl
Missing character: There is no â in font cmti10!
Missing character: There is no € in font cmti10!
Missing character: There is no ¢ in font cmti10!
) [8] [9 <./images//sample-m1-07.png (PNG copy)> <./images//sample-m1-17.png (P
NG copy)> <./images//sample-s1-07.png (PNG copy)> <./images//sample-s1-17.png (
PNG copy)> <./images//force-profile-07.png (PNG copy)> <./images//force-profile
-17.png (PNG copy)>] [10 <./images//knn-m1-07.png (PNG copy)> <./images//knn-m1
-17.png (PNG copy)> <./images//knn-s1-07.png (PNG copy)> <./images//knn-s1-17.p
ng (PNG copy)>] [11 <./images//knn-m1-07-24.png (PNG copy)> <./images//knn-m1-1
7-24.png (PNG copy)> <./images//knn-s1-07-24.png (PNG copy)> <./images//knn-s1-
17-24.png (PNG copy)>] [12 <./images//psth-s-f21-m1-07-pre.png (PNG copy)> <./i
mages//psth-s-f21-m1-17-pre.png (PNG copy)>] [13 <./images//psth-s-f21-m1-07-po
s.png (PNG copy)> <./images//psth-s-f21-m1-17-pos.png (PNG copy)>] [14 <./image
s//diffs-pre-m1-07.png (PNG copy)> <./images//diffs-pos-m1-07.png (PNG copy)> <
./images//diffs-pre-m1-17.png (PNG copy)> <./images//diffs-pos-m1-17.png (PNG c
opy)>] [15 <./images//diffs-pre-s1-07.png (PNG copy)> <./images//diffs-pos-s1-0
7.png (PNG copy)> <./images//diffs-pre-s1-17.png (PNG copy)> <./images//diffs-p
os-s1-17.png (PNG copy)>] (./conway-writeup.aux) ) 
Here is how much of TeX's memory you used:
 2770 strings out of 493481
 45495 string characters out of 3144419
 110413 words of memory out of 3000000
 6046 multiletter control sequences out of 15000+200000
 9465 words of font info for 33 fonts, out of 3000000 for 9000
 957 hyphenation exceptions out of 8191
 38i,8n,40p,1162b,463s stack positions out of 5000i,500n,10000p,200000b,50000s
<c:/texlive/2012/texmf-dist/f
onts/type1/public/amsfonts/cm/cmbx10.pfb><c:/texlive/2012/texmf-dist/fonts/type
1/public/amsfonts/cm/cmbx12.pfb><c:/texlive/2012/texmf-dist/fonts/type1/public/
amsfonts/cm/cmmi10.pfb><c:/texlive/2012/texmf-dist/fonts/type1/public/amsfonts/
cm/cmr10.pfb><c:/texlive/2012/texmf-dist/fonts/type1/public/amsfonts/cm/cmr12.p
fb><c:/texlive/2012/texmf-dist/fonts/type1/public/amsfonts/cm/cmr17.pfb><c:/tex
live/2012/texmf-dist/fonts/type1/public/amsfonts/cm/cmsy10.pfb><c:/texlive/2012
/texmf-dist/fonts/type1/public/amsfonts/cm/cmti10.pfb>
Output written on conway-writeup.pdf (15 pages, 329944 bytes).
PDF statistics:
 111 PDF objects out of 1000 (max. 8388607)
 59 compressed objects within 1 object stream
 0 named destinations out of 1000 (max. 500000)
 131 words of extra memory for PDF output out of 10000 (max. 10000000)

